<?xml version="1.0" encoding="UTF-8"?>
<!-- Generated by org.testng.reporters.JUnitReportReporter -->
<testsuite hostname="DESKTOP-K7HUSAM" failures="0" tests="2" name="qa.tests.TestCase2" time="15.308" errors="0" timestamp="2024-08-09T11:12:17 PST" skipped="0">
  <testcase classname="qa.tests.TestCase2" name="createAccount" time="6.181"/>
  <system-out/>
  <testcase classname="qa.tests.TestCase2" name="createAccount" time="9.127"/>
  <system-out/>
</testsuite> <!-- qa.tests.TestCase2 -->
