<?xml version="1.0" encoding="UTF-8"?>
<!-- Generated by org.testng.reporters.JUnitReportReporter -->
<testsuite hostname="DESKTOP-K7HUSAM" failures="0" tests="2" name="qa.tests.TestCase1" time="36.293" errors="0" timestamp="2024-08-09T11:07:46 PST" skipped="0">
  <testcase classname="qa.tests.TestCase1" name="login" time="16.204"/>
  <system-out/>
  <testcase classname="qa.tests.TestCase1" name="login" time="20.089"/>
  <system-out/>
</testsuite> <!-- qa.tests.TestCase1 -->
